<?xml version="1.0" encoding="UTF-8"?>
<!-- Generated by org.testng.reporters.JUnitReportReporter -->
<testsuite hostname="DESKTOP-CKA0ME6" failures="0" tests="1" name="com.test.java.PopupTestClass" time="12.710" errors="0" timestamp="2020-12-28T17:44:49 IST" skipped="0">
  <testcase classname="com.test.java.PopupTestClass" name="closePopupBtn" time="12.710"/>
  <system-out/>
</testsuite> <!-- com.test.java.PopupTestClass -->
