<?xml version="1.0" encoding="UTF-8"?>
<!-- Generated by org.testng.reporters.JUnitReportReporter -->
<testsuite hostname="DESKTOP-CKA0ME6" failures="0" tests="1" name="com.main.selpoj.java.BrowserFactory" time="0.012" errors="0" timestamp="2020-12-21T19:21:26 IST" skipped="0">
  <testcase classname="com.main.selpoj.java.BrowserFactory" name="f" time="0.012"/>
  <system-out/>
</testsuite> <!-- com.main.selpoj.java.BrowserFactory -->
