<?xml version="1.0" encoding="UTF-8"?>
<!-- Generated by org.testng.reporters.JUnitReportReporter -->
<testsuite hostname="DESKTOP-CKA0ME6" failures="0" tests="1" name="com.test.java.GitTest" time="25.193" errors="0" timestamp="2021-01-06T19:03:07 IST" skipped="0">
  <testcase classname="com.test.java.GitTest" name="guruLogOut" time="25.193"/>
  <system-out/>
</testsuite> <!-- com.test.java.GitTest -->
