<?xml version="1.0" encoding="UTF-8"?>
<!-- Generated by org.testng.reporters.JUnitReportReporter -->
<testsuite hostname="DESKTOP-CKA0ME6" failures="0" tests="1" name="com.test.java.SEOTestClass" time="21.681" errors="0" timestamp="2021-01-09T21:06:01 IST" skipped="0">
  <testcase classname="com.test.java.SEOTestClass" name="seoClassClickTest" time="21.681"/>
  <system-out/>
</testsuite> <!-- com.test.java.SEOTestClass -->
