<?xml version="1.0" encoding="UTF-8"?>
<!-- Generated by org.testng.reporters.JUnitReportReporter -->
<testsuite hostname="DESKTOP-CKA0ME6" failures="0" tests="2" name="com.test.java.GuruHomePageTest" time="46.637" errors="0" timestamp="2021-01-04T15:01:56 IST" skipped="0">
  <testcase classname="com.test.java.GuruHomePageTest" name="getTitleOfHomePage" time="32.339"/>
  <system-out/>
  <testcase classname="com.test.java.GuruHomePageTest" name="clickRequestQuotation" time="14.298"/>
  <system-out/>
</testsuite> <!-- com.test.java.GuruHomePageTest -->
