<?xml version="1.0" encoding="UTF-8"?>
<!-- Generated by org.testng.reporters.JUnitReportReporter -->
<testsuite hostname="DESKTOP-CKA0ME6" failures="0" tests="3" name="com.test.java.LoginPageTestClass" time="44.642" errors="0" timestamp="2021-01-04T15:01:56 IST" skipped="0">
  <testcase classname="com.test.java.LoginPageTestClass" name="loginPageGuruTitleTest" time="10.727"/>
  <system-out/>
  <testcase classname="com.test.java.LoginPageTestClass" name="loginPageGuruLogoTest" time="10.389"/>
  <system-out/>
  <testcase classname="com.test.java.LoginPageTestClass" name="loginTest" time="23.526"/>
  <system-out/>
</testsuite> <!-- com.test.java.LoginPageTestClass -->
