<?xml version="1.0" encoding="UTF-8"?>
<!-- Generated by org.testng.reporters.JUnitReportReporter -->
<testsuite hostname="DESKTOP-CKA0ME6" failures="0" tests="2" name="com.test.java.GuruHomePageTest" time="34.586" errors="0" timestamp="2021-01-18T16:38:06 IST" skipped="0">
  <testcase classname="com.test.java.GuruHomePageTest" name="getTitleOfHomePage" time="19.600"/>
  <system-out/>
  <testcase classname="com.test.java.GuruHomePageTest" name="clickRequestQuotation" time="14.986"/>
  <system-out/>
</testsuite> <!-- com.test.java.GuruHomePageTest -->
