<?xml version="1.0" encoding="UTF-8"?>
<!-- Generated by org.testng.reporters.JUnitReportReporter -->
<testsuite hostname="DESKTOP-CKA0ME6" failures="0" tests="1" name="com.test.java.SEOTestClass" time="22.915" errors="0" timestamp="2021-01-10T15:00:11 IST" skipped="0">
  <testcase classname="com.test.java.SEOTestClass" name="seoClassClickTest" time="22.915"/>
  <system-out/>
</testsuite> <!-- com.test.java.SEOTestClass -->
