<?xml version="1.0" encoding="UTF-8"?>
<!-- Generated by org.testng.reporters.JUnitReportReporter -->
<testsuite hostname="DESKTOP-CKA0ME6" failures="0" tests="1" name="com.test.java.DemoTestBrowserClass" time="0.008" errors="0" timestamp="2020-12-22T18:48:39 IST" skipped="0">
  <testcase classname="com.test.java.DemoTestBrowserClass" name="Guru99login" time="0.008"/>
  <system-out/>
</testsuite> <!-- com.test.java.DemoTestBrowserClass -->
