<?xml version="1.0" encoding="UTF-8"?>
<!-- Generated by org.testng.reporters.JUnitReportReporter -->
<testsuite hostname="DESKTOP-CKA0ME6" failures="0" tests="1" name="com.test.java.MenuTestClasss" time="50.491" errors="0" timestamp="2021-01-10T20:07:22 IST" skipped="0">
  <testcase classname="com.test.java.MenuTestClasss" name="MenuTestDemo" time="50.491"/>
  <system-out/>
</testsuite> <!-- com.test.java.MenuTestClasss -->
