<?xml version="1.0" encoding="UTF-8"?>
<!-- Generated by org.testng.reporters.JUnitReportReporter -->
<testsuite hostname="DESKTOP-CKA0ME6" name="com.test.java.GuruHomePageTest" tests="2" failures="0" timestamp="4 Jan 2021 15:31:20 GMT" time="32.584" errors="0">
  <testcase name="clickRequestQuotation" time="17.400" classname="com.test.java.GuruHomePageTest"/>
  <testcase name="getTitleOfHomePage" time="15.184" classname="com.test.java.GuruHomePageTest"/>
</testsuite>
