<?xml version="1.0" encoding="UTF-8"?>
<!-- Generated by org.testng.reporters.JUnitReportReporter -->
<testsuite hostname="DESKTOP-CKA0ME6" failures="0" tests="3" name="com.test.java.LoginPageTestClass" time="35.485" errors="0" timestamp="5 Jan 2021 13:44:19 GMT">
  <testcase classname="com.test.java.LoginPageTestClass" name="loginPageGuruLogoTest" time="10.212"/>
  <testcase classname="com.test.java.LoginPageTestClass" name="loginPageGuruTitleTest" time="9.869"/>
  <testcase classname="com.test.java.LoginPageTestClass" name="loginTest" time="15.404"/>
</testsuite>
