<?xml version="1.0" encoding="UTF-8"?>
<!-- Generated by org.testng.reporters.JUnitReportReporter -->
<testsuite hostname="DESKTOP-CKA0ME6" failures="0" tests="1" name="com.test.java.GitTest" time="16.789" errors="0" timestamp="5 Jan 2021 13:44:19 GMT">
  <testcase classname="com.test.java.GitTest" name="guruLogOut" time="16.789"/>
</testsuite>
