<?xml version="1.0" encoding="UTF-8"?>
<!-- Generated by org.testng.reporters.JUnitReportReporter -->
<testsuite hostname="DESKTOP-CKA0ME6" name="com.test.java.LoginPageTestClass" tests="3" failures="0" timestamp="4 Jan 2021 15:31:20 GMT" time="38.116" errors="0">
  <testcase name="loginPageGuruTitleTest" time="12.255" classname="com.test.java.LoginPageTestClass"/>
  <testcase name="loginPageGuruLogoTest" time="10.677" classname="com.test.java.LoginPageTestClass"/>
  <testcase name="loginTest" time="15.184" classname="com.test.java.LoginPageTestClass"/>
</testsuite>
