<?xml version="1.0" encoding="UTF-8"?>
<!-- Generated by org.testng.reporters.JUnitReportReporter -->
<testsuite hostname="DESKTOP-CKA0ME6" failures="0" tests="2" name="com.test.java.GuruHomePageTest" time="34.993" errors="0" timestamp="5 Jan 2021 13:44:19 GMT">
  <testcase classname="com.test.java.GuruHomePageTest" name="clickRequestQuotation" time="15.784"/>
  <testcase classname="com.test.java.GuruHomePageTest" name="getTitleOfHomePage" time="19.209"/>
</testsuite>
